<?xml version="1.0" encoding="UTF-8"?>
<!-- Generated by org.testng.reporters.JUnitReportReporter -->
<testsuite skipped="0" hostname="TITU" name="com.Api_SDET.TC001_GET_Request" tests="1" failures="0" timestamp="06 Sep 2022 11:36:12 GMT" time="0.803" errors="0">
  <testcase name="getweatherDetails" time="0.803" classname="com.Api_SDET.TC001_GET_Request"/>
</testsuite> <!-- com.Api_SDET.TC001_GET_Request -->
