<?xml version="1.0" encoding="UTF-8"?>
<!-- Generated by org.testng.reporters.JUnitReportReporter -->
<testsuite skipped="0" hostname="TITU" name="com.api.Api_Automation" tests="1" failures="0" timestamp="06 Sep 2022 23:10:36 GMT" time="2.312" errors="0">
  <testcase name="getCreatData" time="2.312" classname="com.api.Api_Automation"/>
</testsuite> <!-- com.api.Api_Automation -->
